<?xml version="1.0" encoding="UTF-8"?>
<!-- Generated by org.testng.reporters.JUnitReportReporter -->
<testsuite hostname="DESKTOP-B7QFQL7" failures="0" tests="4" name="Mypackage.MyTestCases" time="9.981" errors="0" timestamp="2025-01-24T20:31:51 EET" skipped="0">
  <testcase classname="Mypackage.MyTestCases" name="AddNewCustomer" time="0.056"/>
  <system-out/>
  <testcase classname="Mypackage.MyTestCases" name="UpdateCustomerInfo" time="0.014"/>
  <system-out/>
  <testcase classname="Mypackage.MyTestCases" name="ReadTheUpdateData" time="9.901"/>
  <system-out/>
  <testcase classname="Mypackage.MyTestCases" name="DeleteCustomer" time="0.010"/>
  <system-out/>
</testsuite> <!-- Mypackage.MyTestCases -->
